[debug] [2023-01-19T20:39:58.578Z] ----------------------------------------------------------------------
[debug] [2023-01-19T20:39:58.580Z] Command:       C:\Program Files\nodejs\node.exe C:\Users\RyRy\AppData\Roaming\npm\node_modules\firebase-tools\lib\bin\firebase.js init
[debug] [2023-01-19T20:39:58.581Z] CLI Version:   11.19.0
[debug] [2023-01-19T20:39:58.581Z] Platform:      win32
[debug] [2023-01-19T20:39:58.581Z] Node Version:  v16.15.1
[debug] [2023-01-19T20:39:58.582Z] Time:          Thu Jan 19 2023 21:39:58 GMT+0100 (Central European Standard Time)
[debug] [2023-01-19T20:39:58.582Z] ----------------------------------------------------------------------
[debug] 
[debug] [2023-01-19T20:39:58.586Z] >>> [apiv2][query] GET https://firebase-public.firebaseio.com/cli.json [none]
[debug] [2023-01-19T20:39:58.607Z] > command requires scopes: ["email","openid","https://www.googleapis.com/auth/cloudplatformprojects.readonly","https://www.googleapis.com/auth/firebase","https://www.googleapis.com/auth/cloud-platform"]
[debug] [2023-01-19T20:39:58.607Z] > authorizing via signed-in user (klugook@gmail.com)
[info] 
     ######## #### ########  ######## ########     ###     ######  ########
     ##        ##  ##     ## ##       ##     ##  ##   ##  ##       ##
     ######    ##  ########  ######   ########  #########  ######  ######
     ##        ##  ##    ##  ##       ##     ## ##     ##       ## ##
     ##       #### ##     ## ######## ########  ##     ##  ######  ########

You're about to initialize a Firebase project in this directory:

  C:\Users\RyRy\IdeaProjects\reddy.world.webApp

[debug] [2023-01-19T20:39:58.870Z] <<< [apiv2][status] GET https://firebase-public.firebaseio.com/cli.json 200
[debug] [2023-01-19T20:39:58.870Z] <<< [apiv2][body] GET https://firebase-public.firebaseio.com/cli.json {"cloudBuildErrorAfter":1594252800000,"cloudBuildWarnAfter":1590019200000,"defaultNode10After":1594252800000,"minVersion":"3.0.5","node8DeploysDisabledAfter":1613390400000,"node8RuntimeDisabledAfter":1615809600000,"node8WarnAfter":1600128000000}
[info] 
=== Project Setup
[info] 
[info] First, let's associate this project directory with a Firebase project.
[info] You can create multiple project aliases by running firebase use --add, 
[info] but for now we'll just set up a default project.
[info] 
[debug] [2023-01-19T20:46:55.357Z] > refreshing access token with scopes: []
[debug] [2023-01-19T20:46:55.358Z] >>> [apiv2][query] POST https://www.googleapis.com/oauth2/v3/token [none]
[debug] [2023-01-19T20:46:55.358Z] >>> [apiv2][body] POST https://www.googleapis.com/oauth2/v3/token [omitted]
[debug] [2023-01-19T20:46:55.463Z] <<< [apiv2][status] POST https://www.googleapis.com/oauth2/v3/token 200
[debug] [2023-01-19T20:46:55.463Z] <<< [apiv2][body] POST https://www.googleapis.com/oauth2/v3/token [omitted]
[debug] [2023-01-19T20:46:55.472Z] >>> [apiv2][query] GET https://firebase.googleapis.com/v1beta1/projects pageSize=100
[debug] [2023-01-19T20:46:55.901Z] <<< [apiv2][status] GET https://firebase.googleapis.com/v1beta1/projects 200
[debug] [2023-01-19T20:46:55.901Z] <<< [apiv2][body] GET https://firebase.googleapis.com/v1beta1/projects [omitted]
[info] i  Using project getreddyworld (getreddyworld) 
[info] 
=== Hosting Setup
[info] 
[info] Your public directory is the folder (relative to your project directory) that
[info] will contain Hosting assets to be uploaded with firebase deploy. If you
[info] have a build process for your assets, use your build's output directory.
[info] 
[debug] [2023-01-19T20:47:25.888Z] >>> [apiv2][query] GET https://www.gstatic.com/firebasejs/releases.json [none]
[debug] [2023-01-19T20:47:25.954Z] <<< [apiv2][status] GET https://www.gstatic.com/firebasejs/releases.json 200
[debug] [2023-01-19T20:47:25.955Z] <<< [apiv2][body] GET https://www.gstatic.com/firebasejs/releases.json {"current":{"version":"9.15.0","browserURL":"https://www.gstatic.com/firebasejs/9.15.0/firebase.js","packageURL":"https://www.gstatic.com/firebasejs/9.15.0/firebase.tgz"},"live":{"version":"9.15","browserURL":"https://www.gstatic.com/firebasejs/live/9.15/firebase.js","packageURL":"https://www.gstatic.com/firebasejs/live/9.15/firebase.tgz"},"components":{"analytics":"https://www.gstatic.com/firebasejs/9.15.0/firebase-analytics.js","app":"https://www.gstatic.com/firebasejs/9.15.0/firebase-app.js","app-check":"https://www.gstatic.com/firebasejs/9.15.0/firebase-app-check.js","auth":"https://www.gstatic.com/firebasejs/9.15.0/firebase-auth.js","auth/cordova":"https://www.gstatic.com/firebasejs/9.15.0/firebase-auth/cordova.js","auth/react-native":"https://www.gstatic.com/firebasejs/9.15.0/firebase-auth/react-native.js","functions":"https://www.gstatic.com/firebasejs/9.15.0/firebase-functions.js","firestore":"https://www.gstatic.com/firebasejs/9.15.0/firebase-firestore.js","firestore/lite":"https://www.gstatic.com/firebasejs/9.15.0/firebase-firestore/lite.js","installations":"https://www.gstatic.com/firebasejs/9.15.0/firebase-installations.js","storage":"https://www.gstatic.com/firebasejs/9.15.0/firebase-storage.js","performance":"https://www.gstatic.com/firebasejs/9.15.0/firebase-performance.js","remote-config":"https://www.gstatic.com/firebasejs/9.15.0/firebase-remote-config.js","messaging":"https://www.gstatic.com/firebasejs/9.15.0/firebase-messaging.js","messaging/sw":"https://www.gstatic.com/firebasejs/9.15.0/firebase-messaging/sw.js","database":"https://www.gstatic.com/firebasejs/9.15.0/firebase-database.js","firestore.memory":"https://www.gstatic.com/firebasejs/9.15.0/firebase-firestore.memory.js"}}
[info] +  Wrote dist/index.html 
[info] 
[info] i  Detected a .git folder at C:\Users\RyRy 
[info] i  Authorizing with GitHub to upload your service account to a GitHub repository's secrets store. 
[info] 
[info] Visit this URL on this device to log in:
[info] https://github.com/login/oauth/authorize?client_id=89cf50f02ac6aaed3484&state=250792261&redirect_uri=http%3A%2F%2Flocalhost%3A9005&scope=read%3Auser%20repo%20public_repo
[info] 
[info] Waiting for authentication...
[debug] [2023-01-19T20:47:43.796Z] >>> [apiv2][query] POST https://github.com/login/oauth/access_token [none]
[debug] [2023-01-19T20:47:43.796Z] >>> [apiv2][body] POST https://github.com/login/oauth/access_token [stream]
[debug] [2023-01-19T20:47:44.107Z] <<< [apiv2][status] POST https://github.com/login/oauth/access_token 200
[debug] [2023-01-19T20:47:44.107Z] <<< [apiv2][body] POST https://github.com/login/oauth/access_token {"access_token":"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","token_type":"bearer","scope":"read:user,repo"}
[debug] [2023-01-19T20:47:44.110Z] >>> [apiv2][query] GET https://api.github.com/user [none]
[debug] [2023-01-19T20:47:44.424Z] <<< [apiv2][status] GET https://api.github.com/user 200
[debug] [2023-01-19T20:47:44.424Z] <<< [apiv2][body] GET https://api.github.com/user {"login":"Ryan-Reddy","id":90551370,"node_id":"MDQ6VXNlcjkwNTUxMzcw","avatar_url":"https://avatars.githubusercontent.com/u/90551370?v=4","gravatar_id":"","url":"https://api.github.com/users/Ryan-Reddy","html_url":"https://github.com/Ryan-Reddy","followers_url":"https://api.github.com/users/Ryan-Reddy/followers","following_url":"https://api.github.com/users/Ryan-Reddy/following{/other_user}","gists_url":"https://api.github.com/users/Ryan-Reddy/gists{/gist_id}","starred_url":"https://api.github.com/users/Ryan-Reddy/starred{/owner}{/repo}","subscriptions_url":"https://api.github.com/users/Ryan-Reddy/subscriptions","organizations_url":"https://api.github.com/users/Ryan-Reddy/orgs","repos_url":"https://api.github.com/users/Ryan-Reddy/repos","events_url":"https://api.github.com/users/Ryan-Reddy/events{/privacy}","received_events_url":"https://api.github.com/users/Ryan-Reddy/received_events","type":"User","site_admin":false,"name":"Ryan Reddy","company":"Hogeschool Utrecht (uni of applied sciences)","blog":"","location":"Utrecht, Netherlands","email":null,"hireable":null,"bio":null,"twitter_username":null,"public_repos":16,"public_gists":0,"followers":1,"following":5,"created_at":"2021-09-12T09:07:07Z","updated_at":"2022-11-30T10:49:26Z","private_gists":0,"total_private_repos":15,"owned_private_repos":15,"disk_usage":139564,"collaborators":2,"two_factor_authentication":false,"plan":{"name":"free","space":976562499,"collaborators":0,"private_repos":10000}}
[info] 
[info] +  Success! Logged into GitHub as Ryan-Reddy 
[info] 
